\BOOKMARK [0][-]{chapter.1}{\376\377\000B\000a\000c\000h\000e\000l\000o\000r\000a\000r\000b\000e\000i\000t}{}% 1
\BOOKMARK [1][-]{section.1.1}{\376\377\000s\000r\000c\000\040\000p\000a\000c\000k\000a\000g\000e}{chapter.1}% 2
\BOOKMARK [2][-]{subsection.1.1.1}{\376\377\000S\000u\000b\000p\000a\000c\000k\000a\000g\000e\000s}{section.1.1}% 3
\BOOKMARK [3][-]{subsubsection*.3}{\376\377\000s\000r\000c\000.\000c\000l\000u\000s\000t\000e\000r\000i\000n\000g\000\040\000p\000a\000c\000k\000a\000g\000e}{subsection.1.1.1}% 4
\BOOKMARK [4][-]{paragraph*.4}{\376\377\000S\000u\000b\000m\000o\000d\000u\000l\000e\000s}{subsubsection*.3}% 5
\BOOKMARK [4][-]{paragraph*.5}{\376\377\000s\000r\000c\000.\000c\000l\000u\000s\000t\000e\000r\000i\000n\000g\000.\000c\000l\000u\000s\000t\000e\000r\000\137\000m\000a\000p\000p\000i\000n\000g\000s\000\040\000m\000o\000d\000u\000l\000e}{subsubsection*.3}% 6
\BOOKMARK [4][-]{paragraph*.6}{\376\377\000M\000o\000d\000u\000l\000e\000\040\000c\000o\000n\000t\000e\000n\000t\000s}{subsubsection*.3}% 7
\BOOKMARK [3][-]{subsubsection*.7}{\376\377\000s\000r\000c\000.\000e\000v\000a\000l\000\040\000p\000a\000c\000k\000a\000g\000e}{subsection.1.1.1}% 8
\BOOKMARK [4][-]{paragraph*.8}{\376\377\000S\000u\000b\000m\000o\000d\000u\000l\000e\000s}{subsubsection*.7}% 9
\BOOKMARK [4][-]{paragraph*.9}{\376\377\000s\000r\000c\000.\000e\000v\000a\000l\000.\000a\000n\000a\000l\000o\000g\000y\000\040\000m\000o\000d\000u\000l\000e}{subsubsection*.7}% 10
\BOOKMARK [4][-]{paragraph*.10}{\376\377\000s\000r\000c\000.\000e\000v\000a\000l\000.\000c\000o\000n\000c\000e\000n\000t\000r\000a\000t\000i\000o\000n\000\040\000m\000o\000d\000u\000l\000e}{subsubsection*.7}% 11
\BOOKMARK [4][-]{paragraph*.11}{\376\377\000s\000r\000c\000.\000e\000v\000a\000l\000.\000c\000o\000n\000c\000e\000p\000t\000\137\000g\000r\000o\000u\000p\000s\000\040\000m\000o\000d\000u\000l\000e}{subsubsection*.7}% 12
\BOOKMARK [4][-]{paragraph*.12}{\376\377\000s\000r\000c\000.\000e\000v\000a\000l\000.\000e\000v\000a\000l\000\137\000v\000e\000c\000t\000o\000r\000s\000\040\000m\000o\000d\000u\000l\000e}{subsubsection*.7}% 13
\BOOKMARK [4][-]{paragraph*.13}{\376\377\000s\000r\000c\000.\000e\000v\000a\000l\000.\000w\000o\000r\000d\000\137\000s\000i\000m\000i\000l\000a\000r\000i\000t\000y\000\040\000m\000o\000d\000u\000l\000e}{subsubsection*.7}% 14
\BOOKMARK [4][-]{paragraph*.14}{\376\377\000M\000o\000d\000u\000l\000e\000\040\000c\000o\000n\000t\000e\000n\000t\000s}{subsubsection*.7}% 15
\BOOKMARK [3][-]{subsubsection*.15}{\376\377\000s\000r\000c\000.\000g\000u\000e\000s\000s\000e\000r\000\040\000p\000a\000c\000k\000a\000g\000e}{subsection.1.1.1}% 16
\BOOKMARK [4][-]{paragraph*.16}{\376\377\000S\000u\000b\000m\000o\000d\000u\000l\000e\000s}{subsubsection*.15}% 17
\BOOKMARK [4][-]{paragraph*.17}{\376\377\000s\000r\000c\000.\000g\000u\000e\000s\000s\000e\000r\000.\000s\000v\000m\000\137\000g\000u\000e\000s\000s\000e\000r\000\040\000m\000o\000d\000u\000l\000e}{subsubsection*.15}% 18
\BOOKMARK [4][-]{paragraph*.18}{\376\377\000M\000o\000d\000u\000l\000e\000\040\000c\000o\000n\000t\000e\000n\000t\000s}{subsubsection*.15}% 19
\BOOKMARK [3][-]{subsubsection*.19}{\376\377\000s\000r\000c\000.\000m\000a\000p\000p\000i\000n\000g\000\040\000p\000a\000c\000k\000a\000g\000e}{subsection.1.1.1}% 20
\BOOKMARK [4][-]{paragraph*.20}{\376\377\000S\000u\000b\000m\000o\000d\000u\000l\000e\000s}{subsubsection*.19}% 21
\BOOKMARK [4][-]{paragraph*.21}{\376\377\000s\000r\000c\000.\000m\000a\000p\000p\000i\000n\000g\000.\000m\000a\000p\000\137\000v\000e\000c\000t\000o\000r\000s\000\040\000m\000o\000d\000u\000l\000e}{subsubsection*.19}% 22
\BOOKMARK [4][-]{paragraph*.22}{\376\377\000s\000r\000c\000.\000m\000a\000p\000p\000i\000n\000g\000.\000m\000a\000p\000p\000i\000n\000g\000\137\000o\000p\000e\000r\000a\000t\000i\000o\000n\000s\000\040\000m\000o\000d\000u\000l\000e}{subsubsection*.19}% 23
\BOOKMARK [4][-]{paragraph*.23}{\376\377\000s\000r\000c\000.\000m\000a\000p\000p\000i\000n\000g\000.\000m\000a\000p\000t\000h\000r\000e\000a\000d\000i\000n\000g\000\040\000m\000o\000d\000u\000l\000e}{subsubsection*.19}% 24
\BOOKMARK [4][-]{paragraph*.24}{\376\377\000M\000o\000d\000u\000l\000e\000\040\000c\000o\000n\000t\000e\000n\000t\000s}{subsubsection*.19}% 25
\BOOKMARK [3][-]{subsubsection*.25}{\376\377\000s\000r\000c\000.\000p\000r\000e\000p\000\040\000p\000a\000c\000k\000a\000g\000e}{subsection.1.1.1}% 26
\BOOKMARK [4][-]{paragraph*.26}{\376\377\000S\000u\000b\000p\000a\000c\000k\000a\000g\000e\000s}{subsubsection*.25}% 27
\BOOKMARK [4][-]{paragraph*.107}{\376\377\000M\000o\000d\000u\000l\000e\000\040\000c\000o\000n\000t\000e\000n\000t\000s}{subsubsection*.25}% 28
\BOOKMARK [3][-]{subsubsection*.108}{\376\377\000s\000r\000c\000.\000t\000r\000a\000n\000s\000\137\000e\000\040\000p\000a\000c\000k\000a\000g\000e}{subsection.1.1.1}% 29
\BOOKMARK [4][-]{paragraph*.109}{\376\377\000S\000u\000b\000m\000o\000d\000u\000l\000e\000s}{subsubsection*.108}% 30
\BOOKMARK [4][-]{paragraph*.110}{\376\377\000s\000r\000c\000.\000t\000r\000a\000n\000s\000\137\000e\000.\000a\000d\000d\000\137\000i\000n\000v\000e\000r\000s\000e\000\137\000r\000e\000l\000a\000t\000i\000o\000n\000s\000\040\000m\000o\000d\000u\000l\000e}{subsubsection*.108}% 31
\BOOKMARK [4][-]{paragraph*.115}{\376\377\000s\000r\000c\000.\000t\000r\000a\000n\000s\000\137\000e\000.\000c\000l\000e\000a\000n\000\137\000r\000e\000l\000a\000t\000i\000o\000n\000s\000\040\000m\000o\000d\000u\000l\000e}{subsubsection*.108}% 32
\BOOKMARK [4][-]{paragraph*.116}{\376\377\000s\000r\000c\000.\000t\000r\000a\000n\000s\000\137\000e\000.\000c\000o\000n\000t\000a\000i\000n\000s\000\137\000e\000n\000t\000i\000t\000i\000e\000s\000\040\000m\000o\000d\000u\000l\000e}{subsubsection*.108}% 33
\BOOKMARK [4][-]{paragraph*.124}{\376\377\000s\000r\000c\000.\000t\000r\000a\000n\000s\000\137\000e\000.\000c\000o\000n\000v\000e\000r\000t\000\137\000r\000e\000l\000a\000t\000i\000o\000n\000s\000\040\000m\000o\000d\000u\000l\000e}{subsubsection*.108}% 34
\BOOKMARK [4][-]{paragraph*.125}{\376\377\000s\000r\000c\000.\000t\000r\000a\000n\000s\000\137\000e\000.\000d\000i\000f\000f\000e\000r\000e\000n\000t\000i\000a\000t\000e\000\137\000d\000a\000t\000a\000s\000e\000t\000s\000\040\000m\000o\000d\000u\000l\000e}{subsubsection*.108}% 35
\BOOKMARK [4][-]{paragraph*.130}{\376\377\000s\000r\000c\000.\000t\000r\000a\000n\000s\000\137\000e\000.\000p\000a\000r\000t\000i\000t\000i\000o\000n\000\137\000d\000a\000t\000a\000\040\000m\000o\000d\000u\000l\000e}{subsubsection*.108}% 36
\BOOKMARK [4][-]{paragraph*.143}{\376\377\000M\000o\000d\000u\000l\000e\000\040\000c\000o\000n\000t\000e\000n\000t\000s}{subsubsection*.108}% 37
\BOOKMARK [2][-]{subsection.1.1.2}{\376\377\000M\000o\000d\000u\000l\000e\000\040\000c\000o\000n\000t\000e\000n\000t\000s}{section.1.1}% 38
\BOOKMARK [0][-]{chapter.2}{\376\377\000I\000n\000d\000i\000c\000e\000s\000\040\000a\000n\000d\000\040\000t\000a\000b\000l\000e\000s}{}% 39
\BOOKMARK [0][-]{section*.144}{\376\377\000P\000y\000t\000h\000o\000n\000\040\000M\000o\000d\000u\000l\000e\000\040\000I\000n\000d\000e\000x}{}% 40
\BOOKMARK [0][-]{section*.145}{\376\377\000I\000n\000d\000e\000x}{}% 41
