\BOOKMARK [0][-]{section*.1}{\376\377\000E\000i\000d\000e\000s\000s\000t\000a\000t\000t\000l\000i\000c\000h\000e\000\040\000E\000r\000k\000l\000\344\000r\000u\000n\000g}{}% 1
\BOOKMARK [0][-]{section*.2}{\376\377\000Z\000u\000s\000a\000m\000m\000e\000n\000f\000a\000s\000s\000u\000n\000g}{}% 2
\BOOKMARK [0][-]{section*.3}{\376\377\000A\000b\000s\000t\000r\000a\000c\000t}{}% 3
\BOOKMARK [0][-]{section*.4}{\376\377\000D\000a\000n\000k\000s\000a\000g\000u\000n\000g}{}% 4
\BOOKMARK [0][-]{chapter.11}{\376\377\000E\000i\000n\000l\000e\000i\000t\000u\000n\000g}{}% 5
\BOOKMARK [1][-]{section.13}{\376\377\000K\000n\000o\000w\000l\000e\000d\000g\000e\000\040\000G\000r\000a\000p\000h\000\040\000C\000o\000m\000p\000l\000e\000t\000i\000o\000n}{chapter.11}% 6
\BOOKMARK [1][-]{section.14}{\376\377\000A\000n\000s\000a\000t\000z}{chapter.11}% 7
\BOOKMARK [1][-]{section.17}{\376\377\000I\000n\000h\000a\000l\000t}{chapter.11}% 8
\BOOKMARK [0][-]{chapter.18}{\376\377\000V\000e\000r\000w\000a\000n\000d\000t\000e\000\040\000A\000r\000b\000e\000i\000t\000e\000n}{}% 9
\BOOKMARK [1][-]{section.19}{\376\377\000V\000e\000r\000w\000a\000n\000d\000t\000e\000\040\000A\000r\000b\000e\000i\000t\000e\000n}{chapter.18}% 10
\BOOKMARK [0][-]{chapter.20}{\376\377\000G\000r\000u\000n\000d\000l\000a\000g\000e\000n}{}% 11
\BOOKMARK [1][-]{section.21}{\376\377\000N\000e\000u\000r\000a\000l\000e\000\040\000N\000e\000t\000z\000w\000e\000r\000k\000e}{chapter.20}% 12
\BOOKMARK [1][-]{section.30}{\376\377\000W\000o\000r\000t\000v\000e\000k\000t\000o\000r\000e\000n}{chapter.20}% 13
\BOOKMARK [1][-]{section.34}{\376\377\000W\000o\000r\000t\000v\000e\000k\000t\000o\000r\000e\000n\000\040\000a\000u\000s\000\040\000D\000e\000p\000e\000n\000d\000e\000n\000z\000e\000n}{chapter.20}% 14
\BOOKMARK [0][-]{chapter.36}{\376\377\000V\000o\000r\000b\000e\000r\000e\000i\000t\000u\000n\000g}{}% 15
\BOOKMARK [1][-]{section.37}{\376\377\000V\000o\000r\000b\000e\000r\000e\000i\000t\000u\000n\000g}{chapter.36}% 16
\BOOKMARK [2][-]{subsection.38}{\376\377\000E\000x\000t\000r\000a\000k\000t\000i\000o\000n\000\040\000v\000o\000n\000\040\000N\000a\000m\000e\000d\000\040\000E\000n\000t\000i\000t\000i\000e\000s}{section.37}% 17
\BOOKMARK [2][-]{subsection.39}{\376\377\000A\000u\000f\000b\000e\000r\000e\000i\000t\000u\000n\000g\000\040\000d\000e\000s\000\040\000K\000o\000r\000p\000u\000s}{section.37}% 18
\BOOKMARK [2][-]{subsection.41}{\376\377\000T\000r\000a\000i\000n\000i\000n\000g\000\040\000d\000e\000r\000\040\000W\000o\000r\000t\000v\000e\000k\000t\000o\000r\000e\000n}{section.37}% 19
\BOOKMARK [0][-]{chapter.42}{\376\377\000E\000v\000a\000l\000u\000a\000t\000i\000o\000n\000\040\000d\000e\000r\000\040\000W\000o\000r\000t\000v\000e\000k\000t\000o\000r\000e\000n}{}% 20
\BOOKMARK [1][-]{section.44}{\376\377\000E\000v\000a\000l\000u\000a\000t\000i\000o\000n\000\040\000d\000e\000r\000\040\000W\000o\000r\000t\000v\000e\000k\000t\000o\000r\000e\000n}{chapter.42}% 21
\BOOKMARK [2][-]{subsection.45}{\376\377\000Q\000u\000a\000l\000i\000t\000a\000t\000i\000v\000e\000\040\000E\000v\000a\000l\000u\000a\000t\000i\000o\000n}{section.44}% 22
\BOOKMARK [2][-]{subsection.47}{\376\377\000Q\000u\000a\000n\000t\000i\000t\000a\000t\000i\000v\000e\000\040\000E\000v\000a\000l\000u\000a\000t\000i\000o\000n}{section.44}% 23
\BOOKMARK [2][-]{subsection.55}{\376\377\000E\000v\000a\000l\000u\000a\000t\000i\000o\000n\000s\000d\000a\000t\000e\000n}{section.44}% 24
\BOOKMARK [3][-]{section*.56}{\376\377\000W\000o\000r\000t\000p\000a\000a\000r\000\344\000h\000n\000l\000i\000c\000h\000k\000e\000i\000t}{subsection.55}% 25
\BOOKMARK [3][-]{section*.58}{\376\377\000A\000n\000a\000l\000o\000g\000i\000e\000n}{subsection.55}% 26
\BOOKMARK [2][-]{subsection.59}{\376\377\000E\000v\000a\000l\000u\000a\000t\000i\000o\000n\000s\000e\000r\000g\000e\000b\000n\000i\000s\000s\000e}{section.44}% 27
\BOOKMARK [0][-]{chapter.61}{\376\377\000E\000x\000p\000e\000r\000i\000m\000e\000n\000t\000\040\000A}{}% 28
\BOOKMARK [1][-]{section.62}{\376\377\000I\000d\000e\000e}{chapter.61}% 29
\BOOKMARK [1][-]{section.64}{\376\377\000A\000l\000g\000o\000r\000i\000t\000h\000m\000u\000s}{chapter.61}% 30
\BOOKMARK [1][-]{section.71}{\376\377\000P\000a\000r\000a\000l\000l\000e\000l\000i\000s\000i\000e\000r\000t\000e\000r\000\040\000A\000l\000g\000o\000r\000i\000t\000h\000m\000u\000s}{chapter.61}% 31
\BOOKMARK [1][-]{section.76}{\376\377\000C\000l\000u\000s\000t\000e\000r\000i\000n\000g}{chapter.61}% 32
\BOOKMARK [1][-]{section.81}{\376\377\000E\000r\000g\000e\000b\000n\000i\000s\000s\000e}{chapter.61}% 33
\BOOKMARK [1][-]{section.82}{\376\377\000Z\000w\000i\000s\000c\000h\000e\000n\000d\000i\000s\000k\000u\000s\000s\000i\000o\000n}{chapter.61}% 34
\BOOKMARK [2][-]{subsection.83}{\376\377\000D\000a\000t\000e\000n}{section.82}% 35
\BOOKMARK [2][-]{subsection.88}{\376\377\000A\000n\000s\000a\000t\000z}{section.82}% 36
\BOOKMARK [0][-]{chapter.89}{\376\377\000E\000x\000p\000e\000r\000i\000m\000e\000n\000t\000\040\000B}{}% 37
\BOOKMARK [1][-]{section.90}{\376\377\000D\000a\000t\000e\000n\000e\000r\000z\000e\000u\000g\000u\000n\000g}{chapter.89}% 38
\BOOKMARK [1][-]{section.97}{\376\377\000T\000r\000a\000i\000n\000i\000n\000g}{chapter.89}% 39
\BOOKMARK [1][-]{section.103}{\376\377\000E\000v\000a\000l\000u\000a\000t\000i\000o\000n}{chapter.89}% 40
\BOOKMARK [0][-]{chapter.105}{\376\377\000E\000v\000a\000l\000u\000a\000t\000i\000o\000n\000\040\000d\000e\000r\000\040\000C\000l\000u\000s\000t\000e\000r}{}% 41
\BOOKMARK [1][-]{section.106}{\376\377\000E\000v\000a\000l\000u\000a\000t\000i\000o\000n\000\040\000d\000e\000r\000\040\000C\000l\000u\000s\000t\000e\000r}{chapter.105}% 42
\BOOKMARK [0][-]{chapter.107}{\376\377\000D\000i\000s\000k\000u\000s\000s\000i\000o\000n}{}% 43
\BOOKMARK [0][-]{chapter.108}{\376\377\000F\000a\000z\000i\000t}{}% 44
\BOOKMARK [1][-]{section.109}{\376\377\000F\000a\000z\000i\000t}{chapter.108}% 45
\BOOKMARK [0][-]{chapter.110}{\376\377\000A\000u\000s\000b\000l\000i\000c\000k}{}% 46
\BOOKMARK [1][-]{section.111}{\376\377\000A\000u\000s\000b\000l\000i\000c\000k}{chapter.110}% 47
\BOOKMARK [0][-]{appendix.112}{\376\377\000\334\000b\000e\000r\000s\000i\000c\000h\000t\000\040\000\374\000b\000e\000r\000\040\000d\000i\000e\000\040\000P\000a\000r\000a\000m\000e\000t\000e\000r\000\040\000z\000u\000m\000\040\000T\000r\000a\000i\000n\000i\000e\000r\000e\000n\000\040\000d\000e\000r\000\040\000W\000o\000r\000t\000v\000e\000k\000t\000o\000r\000e\000n}{}% 48
\BOOKMARK [0][-]{appendix*.114}{\376\377\000L\000i\000t\000e\000r\000a\000t\000u\000r}{}% 49
